#
# A fatal error has been detected by the Java Runtime Environment:
#
#  SIGSEGV (0xb) at pc=0x00007fc2a0aea210, pid=7388, tid=0x00007fc283dfd700
#
# JRE version: OpenJDK Runtime Environment (8.0_181-b13) (build 1.8.0_181-8u181-b13-2~deb9u1-b13)
# Java VM: OpenJDK 64-Bit Server VM (25.181-b13 mixed mode linux-amd64 compressed oops)
# Problematic frame:
# V  [libjvm.so+0x9df210]
#
# Failed to write core dump. Core dumps have been disabled. To enable core dumping, try "ulimit -c unlimited" before starting Java again
#
# If you would like to submit a bug report, please visit:
#   http://bugreport.java.com/bugreport/crash.jsp
#

---------------  T H R E A D  ---------------

Current thread (0x00007fc298146800):  VMThread [stack: 0x00007fc283cfd000,0x00007fc283dfe000] [id=7401]

siginfo: si_signo: 11 (SIGSEGV), si_code: 128 (SI_KERNEL), si_addr: 0x0000000000000000

Registers:
RAX=0x0000000000000000, RBX=0x0000000000000000, RCX=0x0000000000000000, RDX=0x0000000000000000
RSP=0x00007fc283dfcb90, RBP=0x00007fc283dfcc20, RSI=0x0000000000000000, RDI=0x0000000000000000
R8 =0x0000000000000000, R9 =0x00007fc2a1045910, R10=0x0032953f9fd2333c, R11=0x0000000000000001
R12=0x00007fc1f8bb72d8, R13=0x00007fc1f8bb8668, R14=0x0000c38098147750, R15=0x0000000000000000
RIP=0x00007fc2a0aea210, EFLAGS=0x0000000000010206, CSGSFS=0x002b000000000033, ERR=0x0000000000000000
  TRAPNO=0x000000000000000d

Top of Stack: (sp=0x00007fc283dfcb90)
0x00007fc283dfcb90:   0000000000000000 0000c38098147750
0x00007fc283dfcba0:   00007fc1f8bb2e68 00007fc283dfcbe0
0x00007fc283dfcbb0:   00007fffdf39fbd9 00007fc283dfcbf0
0x00007fc283dfcbc0:   00007fffdf39fbd9 00007fc283dfcc20
0x00007fc283dfcbd0:   00000001a1034fa8 0000000000000000
0x00007fc283dfcbe0:   0000000000000000 6d581a01eac24b00
0x00007fc283dfcbf0:   00007fc283dfcc20 00007fc283dfcc30
0x00007fc283dfcc00:   00007fc2a102f771 0000000000000001
0x00007fc283dfcc10:   0000000000000000 0000000000000000
0x00007fc283dfcc20:   00007fc283dfcc70 00007fc2a0a6f0ce
0x00007fc283dfcc30:   00007fc282580100 0000000000000000
0x00007fc283dfcc40:   00007fc283dfcc60 00007fc2a0b30700
0x00007fc283dfcc50:   000000000000001a 6d581a01eac24b00
0x00007fc283dfcc60:   431bde82d7b634db 00007fc29800f8d0
0x00007fc283dfcc70:   00007fc283dfcd00 00007fc2a0a6f8dc
0x00007fc283dfcc80:   0000000000000000 00007fc298146800
0x00007fc283dfcc90:   00007fc29800e3e0 00000000000003e8
0x00007fc283dfcca0:   00007fc283dfcd00 00007fc2a098d62a
0x00007fc283dfccb0:   00007fc29800e580 0000000000000000
0x00007fc283dfccc0:   000000040000001a 00007fc2a1001a19
0x00007fc283dfccd0:   00007fc283dfcd00 00007fc2837f39a0
0x00007fc283dfcce0:   00007fc2a1034fa8 00007fc2a03ff0a0
0x00007fc283dfccf0:   00007fc29800e4e0 0000000000000000
0x00007fc283dfcd00:   00007fc283dfcea0 00007fc2a0b84aea
0x00007fc283dfcd10:   00007fc283dfcd60 00007fc283dfcd20
0x00007fc283dfcd20:   00007fc298146800 00007fc298146f70
0x00007fc283dfcd30:   00007fc298146fb0 00007fc298146fc0
0x00007fc283dfcd40:   00007fc298147098 00000000000000d8
0x00007fc283dfcd50:   00007fc2981471d0 0000000000000000
0x00007fc283dfcd60:   00007fc283dfcd68 6e69747563657845
0x00007fc283dfcd70:   65706f204d562067 203a6e6f69746172
0x00007fc283dfcd80:   746553724f746547 6f64006c61636f4c 

Instructions: (pc=0x00007fc2a0aea210)
0x00007fc2a0aea1f0:   4c 8d b0 b0 00 00 00 83 ad 7c ff ff ff 80 4c 8d
0x00007fc2a0aea200:   a8 00 58 00 00 4d 89 f4 e9 19 02 00 00 0f 1f 00
0x00007fc2a0aea210:   49 8b 16 4c 89 e0 48 83 c8 02 48 39 c2 74 24 48
0x00007fc2a0aea220:   8d 0d 9b 65 10 00 48 8d 15 db 61 11 00 48 8d 3d 

Register to memory mapping:

RAX=0x0000000000000000 is an unknown value
RBX=0x0000000000000000 is an unknown value
RCX=0x0000000000000000 is an unknown value
RDX=0x0000000000000000 is an unknown value
RSP=0x00007fc283dfcb90 is an unknown value
RBP=0x00007fc283dfcc20 is an unknown value
RSI=0x0000000000000000 is an unknown value
RDI=0x0000000000000000 is an unknown value
R8 =0x0000000000000000 is an unknown value
R9 =0x00007fc2a1045910: <offset 0xf3a910> in /usr/lib/jvm/java-8-openjdk-amd64/jre/lib/amd64/server/libjvm.so at 0x00007fc2a010b000
R10=0x0032953f9fd2333c is an unknown value
R11=0x0000000000000001 is an unknown value
R12=0x00007fc1f8bb72d8 is an unknown value
R13=0x00007fc1f8bb8668 is an unknown value
R14=0x0000c38098147750 is an unknown value
R15=0x0000000000000000 is an unknown value


Stack: [0x00007fc283cfd000,0x00007fc283dfe000],  sp=0x00007fc283dfcb90,  free space=1022k
Native frames: (J=compiled Java code, j=interpreted, Vv=VM code, C=native code)
V  [libjvm.so+0x9df210]
V  [libjvm.so+0x9640ce]
V  [libjvm.so+0x9648dc]
V  [libjvm.so+0xa79aea]
V  [libjvm.so+0xa79ff1]
V  [libjvm.so+0x8bf292]

VM_Operation (0x00007fc2837f39a0): GetOrSetLocal, mode: safepoint, requested by thread 0x00007fc298192800


---------------  P R O C E S S  ---------------

Java Threads: ( => current thread )
  0x00007fc298b20800 JavaThread "neo4j.MetricsEvent-1" daemon [_thread_blocked, id=7465, stack(0x00007fc2795ba000,0x00007fc2796bb000)]
  0x00007fc228006800 JavaThread "neo4j.CheckPoint-1" daemon [_thread_blocked, id=7464, stack(0x00007fc27a2bb000,0x00007fc27a3bc000)]
  0x00007fc29b82a000 JavaThread "ForkJoinPool.commonPool-worker-1" daemon [_thread_blocked, id=7463, stack(0x00007fc27b4fb000,0x00007fc27b5fc000)]
  0x00007fc29bd21000 JavaThread "Keep-Alive-Timer" daemon [_thread_blocked, id=7444, stack(0x00007fc27b7fe000,0x00007fc27b8ff000)]
  0x00007fc29bc32000 JavaThread "neo4j.VmPauseMonitor-1" daemon [_thread_blocked, id=7440, stack(0x00007fc27b6fd000,0x00007fc27b7fe000)]
  0x00007fc29bc2a000 JavaThread "neo4j.FileWatcher-1" daemon [_thread_blocked, id=7439, stack(0x00007fc27b5fc000,0x00007fc27b6fd000)]
  0x00007fc228005000 JavaThread "neo4j.TransactionTimeoutMonitor-1" daemon [_thread_blocked, id=7431, stack(0x00007fc27aff8000,0x00007fc27b0f9000)]
  0x00007fc228003000 JavaThread "neo4j.StorageMaintenance-1" daemon [_thread_blocked, id=7430, stack(0x00007fc27b0f9000,0x00007fc27b1fa000)]
  0x00007fc228001800 JavaThread "neo4j.IndexSamplingController-1" daemon [_thread_blocked, id=7429, stack(0x00007fc27b1fa000,0x00007fc27b2fb000)]
  0x00007fc298bac000 JavaThread "neo4j.RecoveryCleanup-1" daemon [_thread_blocked, id=7424, stack(0x00007fc27b8ff000,0x00007fc27ba00000)]
  0x00007fc298ca6000 JavaThread "MuninnPageCache[1]-EvictionTask" daemon [_thread_blocked, id=7422, stack(0x00007fc28001a000,0x00007fc28011b000)]
  0x00007fc298ebe000 JavaThread "Neo4j UDC Timer" daemon [_thread_blocked, id=7421, stack(0x00007fc28011b000,0x00007fc28021c000)]
  0x00007fc298eaa800 JavaThread "neo4j.Scheduler-1" daemon [_thread_blocked, id=7420, stack(0x00007fc28021c000,0x00007fc28031d000)]
  0x00007fc298ae2000 JavaThread "Thread-1" daemon [_thread_in_native, id=7419, stack(0x00007fc28094a000,0x00007fc280a4b000)]
  0x00007fc298813000 JavaThread "ReaderThread" [_thread_in_native, id=7417, stack(0x00007fc282488000,0x00007fc282589000)]
  0x00007fc298751000 JavaThread "Service Thread" daemon [_thread_blocked, id=7415, stack(0x00007fc282a77000,0x00007fc282b78000)]
  0x00007fc298795800 JavaThread "C1 CompilerThread2" daemon [_thread_blocked, id=7414, stack(0x00007fc282b78000,0x00007fc282c79000)]
  0x00007fc298793000 JavaThread "C2 CompilerThread1" daemon [_thread_blocked, id=7413, stack(0x00007fc282c79000,0x00007fc282d7a000)]
  0x00007fc298792000 JavaThread "C2 CompilerThread0" daemon [_thread_blocked, id=7412, stack(0x00007fc282d7a000,0x00007fc282e7b000)]
  0x00007fc250001000 JavaThread "JDWP Command Reader" daemon [_thread_in_native, id=7408, stack(0x00007fc2834f2000,0x00007fc2835f3000)]
  0x00007fc298196000 JavaThread "JDWP Event Helper Thread" daemon [_thread_blocked, id=7407, stack(0x00007fc2835f3000,0x00007fc2836f4000)]
  0x00007fc298192800 JavaThread "JDWP Transport Listener: dt_socket" daemon [_thread_blocked, id=7406, stack(0x00007fc2836f4000,0x00007fc2837f5000)]
  0x00007fc298184800 JavaThread "Signal Dispatcher" daemon [_thread_blocked, id=7404, stack(0x00007fc2839fa000,0x00007fc283afb000)]
  0x00007fc298153000 JavaThread "Finalizer" daemon [_thread_blocked, id=7403, stack(0x00007fc283afb000,0x00007fc283bfc000)]
  0x00007fc298150000 JavaThread "Reference Handler" daemon [_thread_blocked, id=7402, stack(0x00007fc283bfc000,0x00007fc283cfd000)]
  0x00007fc298012000 JavaThread "main" [_thread_blocked, id=7392, stack(0x00007fc2a1d40000,0x00007fc2a1e41000)]

Other Threads:
=>0x00007fc298146800 VMThread [stack: 0x00007fc283cfd000,0x00007fc283dfe000] [id=7401]
  0x00007fc298752800 WatcherThread [stack: 0x00007fc282976000,0x00007fc282a77000] [id=7416]

VM state:at safepoint (normal execution)

VM Mutex/Monitor currently owned by a thread:  ([mutex/lock_event])
[0x00007fc29800e3e0] Safepoint_lock - owner thread: 0x00007fc298146800
[0x00007fc29800e460] Threads_lock - owner thread: 0x00007fc298146800

Heap:
 PSYoungGen      total 668672K, used 414237K [0x0000000781980000, 0x00000007b3e80000, 0x00000007c0000000)
  eden space 523264K, 68% used [0x0000000781980000,0x0000000797809588,0x00000007a1880000)
  from space 145408K, 38% used [0x00000007ab080000,0x00000007ae67e118,0x00000007b3e80000)
  to   space 150528K, 0% used [0x00000007a1880000,0x00000007a1880000,0x00000007aab80000)
 ParOldGen       total 953856K, used 504592K [0x0000000704c00000, 0x000000073ef80000, 0x0000000781980000)
  object space 953856K, 52% used [0x0000000704c00000,0x00000007238c4190,0x000000073ef80000)
 Metaspace       used 48165K, capacity 49492K, committed 49840K, reserved 1091584K
  class space    used 7733K, capacity 8048K, committed 8112K, reserved 1048576K

Card table byte_map: [0x00007fc29d65b000,0x00007fc29dc36000] byte_map_base: 0x00007fc299e35000

Marking Bits: (ParMarkBitMap*) 0x00007fc2a10393a0
 Begin Bits: [0x00007fc266260000, 0x00007fc269130000)
 End Bits:   [0x00007fc269130000, 0x00007fc26c000000)

Polling page: 0x00007fc2a1e5e000

CodeCache: size=245760Kb used=18158Kb max_used=18232Kb free=227601Kb
 bounds [0x00007fc289000000, 0x00007fc28a1f0000, 0x00007fc298000000]
 total_blobs=5926 nmethods=5304 adapters=544
 compilation: enabled

Compilation events (10 events):
Event: 26,464 Thread 0x00007fc298795800 6278       1       requeterRezo.Voisin::getPoids (5 bytes)
Event: 26,464 Thread 0x00007fc298795800 nmethod 6278 0x00007fc28a140f90 code [0x00007fc28a1410e0, 0x00007fc28a1411f0]
Event: 26,815 Thread 0x00007fc298795800 6279       3       core.Relation::<init> (32 bytes)
Event: 26,815 Thread 0x00007fc298795800 nmethod 6279 0x00007fc289108610 code [0x00007fc289108780, 0x00007fc289108950]
Event: 27,084 Thread 0x00007fc298795800 6280       3       org.neo4j.kernel.impl.scheduler.TimeBasedTaskScheduler$$Lambda$59/1412601264::applyAsLong (8 bytes)
Event: 27,085 Thread 0x00007fc298795800 nmethod 6280 0x00007fc2891080d0 code [0x00007fc289108240, 0x00007fc2891084f0]
Event: 27,085 Thread 0x00007fc298795800 6281       3       org.neo4j.kernel.impl.scheduler.TimeBasedTaskScheduler::lambda$static$0 (5 bytes)
Event: 27,085 Thread 0x00007fc298795800 nmethod 6281 0x00007fc28912c9d0 code [0x00007fc28912cb20, 0x00007fc28912cc50]
Event: 27,666 Thread 0x00007fc298795800 6282       1       requeterRezo.Noeud::getID (5 bytes)
Event: 27,666 Thread 0x00007fc298795800 nmethod 6282 0x00007fc28949c050 code [0x00007fc28949c1a0, 0x00007fc28949c2b0]

GC Heap History (10 events):
Event: 10,968 GC heap before
{Heap before GC invocations=23 (full 4):
 PSYoungGen      total 606720K, used 514327K [0x0000000781980000, 0x00000007b0100000, 0x00000007c0000000)
  eden space 463360K, 100% used [0x0000000781980000,0x000000079de00000,0x000000079de00000)
  from space 143360K, 35% used [0x00000007a7500000,0x00000007aa6c5f98,0x00000007b0100000)
  to   space 148992K, 0% used [0x000000079de00000,0x000000079de00000,0x00000007a6f80000)
 ParOldGen       total 880128K, used 495260K [0x0000000704c00000, 0x000000073a780000, 0x0000000781980000)
  object space 880128K, 56% used [0x0000000704c00000,0x0000000722fa7318,0x000000073a780000)
 Metaspace       used 24733K, capacity 25788K, committed 26032K, reserved 1071104K
  class space    used 3130K, capacity 3414K, committed 3504K, reserved 1048576K
Event: 10,974 GC heap after
Heap after GC invocations=23 (full 4):
 PSYoungGen      total 612352K, used 1118K [0x0000000781980000, 0x00000007b3280000, 0x00000007c0000000)
  eden space 463360K, 0% used [0x0000000781980000,0x0000000781980000,0x000000079de00000)
  from space 148992K, 0% used [0x000000079de00000,0x000000079df17910,0x00000007a6f80000)
  to   space 156672K, 0% used [0x00000007a9980000,0x00000007a9980000,0x00000007b3280000)
 ParOldGen       total 880128K, used 495260K [0x0000000704c00000, 0x000000073a780000, 0x0000000781980000)
  object space 880128K, 56% used [0x0000000704c00000,0x0000000722fa7318,0x000000073a780000)
 Metaspace       used 24733K, capacity 25788K, committed 26032K, reserved 1071104K
  class space    used 3130K, capacity 3414K, committed 3504K, reserved 1048576K
}
Event: 20,918 GC heap before
{Heap before GC invocations=24 (full 4):
 PSYoungGen      total 612352K, used 215510K [0x0000000781980000, 0x00000007b3280000, 0x00000007c0000000)
  eden space 463360K, 46% used [0x0000000781980000,0x000000078eade0c0,0x000000079de00000)
  from space 148992K, 0% used [0x000000079de00000,0x000000079df17910,0x00000007a6f80000)
  to   space 156672K, 0% used [0x00000007a9980000,0x00000007a9980000,0x00000007b3280000)
 ParOldGen       total 880128K, used 495260K [0x0000000704c00000, 0x000000073a780000, 0x0000000781980000)
  object space 880128K, 56% used [0x0000000704c00000,0x0000000722fa7318,0x000000073a780000)
 Metaspace       used 34147K, capacity 35352K, committed 35496K, reserved 1079296K
  class space    used 5318K, capacity 5614K, committed 5680K, reserved 1048576K
Event: 20,926 GC heap after
Heap after GC invocations=24 (full 4):
 PSYoungGen      total 647168K, used 11659K [0x0000000781980000, 0x00000007b3180000, 0x00000007c0000000)
  eden space 491520K, 0% used [0x0000000781980000,0x0000000781980000,0x000000079f980000)
  from space 155648K, 7% used [0x00000007a9980000,0x00000007aa4e2f70,0x00000007b3180000)
  to   space 159744K, 0% used [0x000000079f980000,0x000000079f980000,0x00000007a9580000)
 ParOldGen       total 880128K, used 495268K [0x0000000704c00000, 0x000000073a780000, 0x0000000781980000)
  object space 880128K, 56% used [0x0000000704c00000,0x0000000722fa9318,0x000000073a780000)
 Metaspace       used 34147K, capacity 35352K, committed 35496K, reserved 1079296K
  class space    used 5318K, capacity 5614K, committed 5680K, reserved 1048576K
}
Event: 20,926 GC heap before
{Heap before GC invocations=25 (full 5):
 PSYoungGen      total 647168K, used 11659K [0x0000000781980000, 0x00000007b3180000, 0x00000007c0000000)
  eden space 491520K, 0% used [0x0000000781980000,0x0000000781980000,0x000000079f980000)
  from space 155648K, 7% used [0x00000007a9980000,0x00000007aa4e2f70,0x00000007b3180000)
  to   space 159744K, 0% used [0x000000079f980000,0x000000079f980000,0x00000007a9580000)
 ParOldGen       total 880128K, used 495268K [0x0000000704c00000, 0x000000073a780000, 0x0000000781980000)
  object space 880128K, 56% used [0x0000000704c00000,0x0000000722fa9318,0x000000073a780000)
 Metaspace       used 34147K, capacity 35352K, committed 35496K, reserved 1079296K
  class space    used 5318K, capacity 5614K, committed 5680K, reserved 1048576K
Event: 21,369 GC heap after
Heap after GC invocations=25 (full 5):
 PSYoungGen      total 647168K, used 0K [0x0000000781980000, 0x00000007b3180000, 0x00000007c0000000)
  eden space 491520K, 0% used [0x0000000781980000,0x0000000781980000,0x000000079f980000)
  from space 155648K, 0% used [0x00000007a9980000,0x00000007a9980000,0x00000007b3180000)
  to   space 159744K, 0% used [0x000000079f980000,0x000000079f980000,0x00000007a9580000)
 ParOldGen       total 953856K, used 504576K [0x0000000704c00000, 0x000000073ef80000, 0x0000000781980000)
  object space 953856K, 52% used [0x0000000704c00000,0x00000007238c0190,0x000000073ef80000)
 Metaspace       used 34147K, capacity 35352K, committed 35496K, reserved 1079296K
  class space    used 5318K, capacity 5614K, committed 5680K, reserved 1048576K
}
Event: 23,692 GC heap before
{Heap before GC invocations=26 (full 5):
 PSYoungGen      total 647168K, used 491520K [0x0000000781980000, 0x00000007b3180000, 0x00000007c0000000)
  eden space 491520K, 100% used [0x0000000781980000,0x000000079f980000,0x000000079f980000)
  from space 155648K, 0% used [0x00000007a9980000,0x00000007a9980000,0x00000007b3180000)
  to   space 159744K, 0% used [0x000000079f980000,0x000000079f980000,0x00000007a9580000)
 ParOldGen       total 953856K, used 504576K [0x0000000704c00000, 0x000000073ef80000, 0x0000000781980000)
  object space 953856K, 52% used [0x0000000704c00000,0x00000007238c0190,0x000000073ef80000)
 Metaspace       used 47019K, capacity 48306K, committed 48688K, reserved 1089536K
  class space    used 7608K, capacity 7923K, committed 7984K, reserved 1048576K
Event: 23,712 GC heap after
Heap after GC invocations=26 (full 5):
 PSYoungGen      total 651264K, used 26821K [0x0000000781980000, 0x00000007b4a80000, 0x00000007c0000000)
  eden space 491520K, 0% used [0x0000000781980000,0x0000000781980000,0x000000079f980000)
  from space 159744K, 16% used [0x000000079f980000,0x00000007a13b1480,0x00000007a9580000)
  to   space 157696K, 0% used [0x00000007ab080000,0x00000007ab080000,0x00000007b4a80000)
 ParOldGen       total 953856K, used 504584K [0x0000000704c00000, 0x000000073ef80000, 0x0000000781980000)
  object space 953856K, 52% used [0x0000000704c00000,0x00000007238c2190,0x000000073ef80000)
 Metaspace       used 47019K, capacity 48306K, committed 48688K, reserved 1089536K
  class space    used 7608K, capacity 7923K, committed 7984K, reserved 1048576K
}
Event: 24,403 GC heap before
{Heap before GC invocations=27 (full 5):
 PSYoungGen      total 651264K, used 518341K [0x0000000781980000, 0x00000007b4a80000, 0x00000007c0000000)
  eden space 491520K, 100% used [0x0000000781980000,0x000000079f980000,0x000000079f980000)
  from space 159744K, 16% used [0x000000079f980000,0x00000007a13b1480,0x00000007a9580000)
  to   space 157696K, 0% used [0x00000007ab080000,0x00000007ab080000,0x00000007b4a80000)
 ParOldGen       total 953856K, used 504584K [0x0000000704c00000, 0x000000073ef80000, 0x0000000781980000)
  object space 953856K, 52% used [0x0000000704c00000,0x00000007238c2190,0x000000073ef80000)
 Metaspace       used 47412K, capacity 48708K, committed 48944K, reserved 1089536K
  class space    used 7652K, capacity 7966K, committed 7984K, reserved 1048576K
Event: 24,453 GC heap after
Heap after GC invocations=27 (full 5):
 PSYoungGen      total 668672K, used 55288K [0x0000000781980000, 0x00000007b3e80000, 0x00000007c0000000)
  eden space 523264K, 0% used [0x0000000781980000,0x0000000781980000,0x00000007a1880000)
  from space 145408K, 38% used [0x00000007ab080000,0x00000007ae67e118,0x00000007b3e80000)
  to   space 150528K, 0% used [0x00000007a1880000,0x00000007a1880000,0x00000007aab80000)
 ParOldGen       total 953856K, used 504592K [0x0000000704c00000, 0x000000073ef80000, 0x0000000781980000)
  object space 953856K, 52% used [0x0000000704c00000,0x00000007238c4190,0x000000073ef80000)
 Metaspace       used 47412K, capacity 48708K, committed 48944K, reserved 1089536K
  class space    used 7652K, capacity 7966K, committed 7984K, reserved 1048576K
}

Deoptimization events (10 events):
Event: 25,649 Thread 0x00007fc298012000 Uncommon trap: reason=class_check action=maybe_recompile pc=0x00007fc289c531a0 method=org.neo4j.kernel.impl.transaction.command.NeoStoreTransactionApplier.visitRelationshipCommand(Lorg/neo4j/kernel/impl/transaction/command/Command$RelationshipCommand;)Z @
Event: 25,649 Thread 0x00007fc298012000 Uncommon trap: reason=class_check action=maybe_recompile pc=0x00007fc28a0e67a0 method=org.neo4j.kernel.impl.store.CommonAbstractStore.freeId(J)V @ 11
Event: 25,649 Thread 0x00007fc298012000 Uncommon trap: reason=class_check action=maybe_recompile pc=0x00007fc289c531a0 method=org.neo4j.kernel.impl.transaction.command.NeoStoreTransactionApplier.visitRelationshipCommand(Lorg/neo4j/kernel/impl/transaction/command/Command$RelationshipCommand;)Z @
Event: 25,649 Thread 0x00007fc298012000 Uncommon trap: reason=class_check action=maybe_recompile pc=0x00007fc28a0e67a0 method=org.neo4j.kernel.impl.store.CommonAbstractStore.freeId(J)V @ 11
Event: 25,649 Thread 0x00007fc298012000 Uncommon trap: reason=class_check action=maybe_recompile pc=0x00007fc289c531a0 method=org.neo4j.kernel.impl.transaction.command.NeoStoreTransactionApplier.visitRelationshipCommand(Lorg/neo4j/kernel/impl/transaction/command/Command$RelationshipCommand;)Z @
Event: 25,649 Thread 0x00007fc298012000 Uncommon trap: reason=class_check action=maybe_recompile pc=0x00007fc28a0e67a0 method=org.neo4j.kernel.impl.store.CommonAbstractStore.freeId(J)V @ 11
Event: 25,727 Thread 0x00007fc298012000 Uncommon trap: reason=unstable_if action=reinterpret pc=0x00007fc28a0fa11c method=java.util.concurrent.ConcurrentHashMap.replaceNode(Ljava/lang/Object;Ljava/lang/Object;Ljava/lang/Object;)Ljava/lang/Object; @ 136
Event: 25,740 Thread 0x00007fc298012000 Uncommon trap: reason=unstable_if action=reinterpret pc=0x00007fc28a111220 method=org.neo4j.kernel.impl.locking.AbstractLockService$LockReference.release()V @ 4
Event: 26,010 Thread 0x00007fc298012000 Uncommon trap: reason=unhandled action=none pc=0x00007fc289ac72ac method=java.net.URLClassLoader.findClass(Ljava/lang/String;)Ljava/lang/Class; @ 44
Event: 26,092 Thread 0x00007fc228003000 Uncommon trap: reason=unstable_if action=reinterpret pc=0x00007fc28995bf60 method=sun.nio.ch.Util$BufferCache.get(I)Ljava/nio/ByteBuffer; @ 25

Classes redefined (0 events):
No events

Internal exceptions (10 events):
Event: 22,245 Thread 0x00007fc298012000 Implicit null exception at 0x00007fc2891a760e to 0x00007fc2891a78ad
Event: 24,651 Thread 0x00007fc298012000 Implicit null exception at 0x00007fc289ebe12f to 0x00007fc289ebe331
Event: 24,652 Thread 0x00007fc298012000 Implicit null exception at 0x00007fc289e9f5e8 to 0x00007fc289e9f76d
Event: 24,652 Thread 0x00007fc298012000 Implicit null exception at 0x00007fc289e9fc28 to 0x00007fc289e9fd9d
Event: 24,656 Thread 0x00007fc298012000 Implicit null exception at 0x00007fc289ea04b7 to 0x00007fc289ea054d
Event: 25,246 Thread 0x00007fc298012000 Exception <a 'java/lang/NoSuchMethodError': java.lang.Object.lambda$static$0()V> (0x0000000792806378) thrown at [/build/openjdk-8-8u181-b13/src/hotspot/src/share/vm/interpreter/linkResolver.cpp, line 620]
Event: 25,415 Thread 0x00007fc298012000 Exception <a 'java/lang/NoSuchMethodError': java.lang.Object.lambda$static$0()V> (0x00000007939ceb48) thrown at [/build/openjdk-8-8u181-b13/src/hotspot/src/share/vm/interpreter/linkResolver.cpp, line 620]
Event: 25,417 Thread 0x00007fc298012000 Exception <a 'java/lang/NoSuchMethodError': java.lang.Object.lambda$static$0()V> (0x00000007939db228) thrown at [/build/openjdk-8-8u181-b13/src/hotspot/src/share/vm/interpreter/linkResolver.cpp, line 620]
Event: 25,536 Thread 0x00007fc298012000 Exception <a 'java/lang/NoSuchMethodError': java.lang.Object.lambda$static$0()V> (0x0000000793a1d550) thrown at [/build/openjdk-8-8u181-b13/src/hotspot/src/share/vm/interpreter/linkResolver.cpp, line 620]
Event: 25,740 Thread 0x00007fc298012000 Implicit null exception at 0x00007fc28a110af6 to 0x00007fc28a11120d

Events (10 events):
Event: 28,111 Executing VM operation: GetOrSetLocal done
Event: 28,112 Executing VM operation: GetOrSetLocal
Event: 28,113 Executing VM operation: GetOrSetLocal done
Event: 28,116 Executing VM operation: GetOrSetLocal
Event: 28,117 Executing VM operation: GetOrSetLocal done
Event: 28,118 Executing VM operation: GetOrSetLocal
Event: 28,119 Executing VM operation: GetOrSetLocal done
Event: 28,120 Executing VM operation: GetOrSetLocal
Event: 28,121 Executing VM operation: GetOrSetLocal done
Event: 28,122 Executing VM operation: GetOrSetLocal


Dynamic libraries:
704c00000-73ef80000 rw-p 00000000 00:00 0 
73ef80000-781980000 ---p 00000000 00:00 0 
781980000-7b3e80000 rw-p 00000000 00:00 0 
7b3e80000-7b4a80000 ---p 00000000 00:00 0 
7b4a80000-7c0000000 ---p 00000000 00:00 0 
7c0000000-7c07ec000 rw-p 00000000 00:00 0 
7c07ec000-800000000 ---p 00000000 00:00 0 
56493b543000-56493b544000 r-xp 00000000 fe:03 3544054                    /usr/lib/jvm/java-8-openjdk-amd64/jre/bin/java
56493b743000-56493b744000 r--p 00000000 fe:03 3544054                    /usr/lib/jvm/java-8-openjdk-amd64/jre/bin/java
56493b744000-56493b745000 rw-p 00001000 fe:03 3544054                    /usr/lib/jvm/java-8-openjdk-amd64/jre/bin/java
56493ce51000-56493ce72000 rw-p 00000000 00:00 0                          [heap]
7fc1f8000000-7fc1f943f000 rw-p 00000000 00:00 0 
7fc1f943f000-7fc1fc000000 ---p 00000000 00:00 0 
7fc200000000-7fc200021000 rw-p 00000000 00:00 0 
7fc200021000-7fc204000000 ---p 00000000 00:00 0 
7fc204000000-7fc204021000 rw-p 00000000 00:00 0 
7fc204021000-7fc208000000 ---p 00000000 00:00 0 
7fc208000000-7fc208021000 rw-p 00000000 00:00 0 
7fc208021000-7fc20c000000 ---p 00000000 00:00 0 
7fc20c000000-7fc20c064000 rw-p 00000000 00:00 0 
7fc20c064000-7fc210000000 ---p 00000000 00:00 0 
7fc210000000-7fc212b84000 rw-p 00000000 00:00 0 
7fc212b84000-7fc214000000 ---p 00000000 00:00 0 
7fc214000000-7fc215b04000 rw-p 00000000 00:00 0 
7fc215b04000-7fc218000000 ---p 00000000 00:00 0 
7fc218000000-7fc21a204000 rw-p 00000000 00:00 0 
7fc21a204000-7fc21c000000 ---p 00000000 00:00 0 
7fc21c000000-7fc21ed35000 rw-p 00000000 00:00 0 
7fc21ed35000-7fc220000000 ---p 00000000 00:00 0 
7fc220000000-7fc220021000 rw-p 00000000 00:00 0 
7fc220021000-7fc224000000 ---p 00000000 00:00 0 
7fc224000000-7fc224021000 rw-p 00000000 00:00 0 
7fc224021000-7fc228000000 ---p 00000000 00:00 0 
7fc228000000-7fc228021000 rw-p 00000000 00:00 0 
7fc228021000-7fc22c000000 ---p 00000000 00:00 0 
7fc22c000000-7fc22c021000 rw-p 00000000 00:00 0 
7fc22c021000-7fc230000000 ---p 00000000 00:00 0 
7fc230000000-7fc230021000 rw-p 00000000 00:00 0 
7fc230021000-7fc234000000 ---p 00000000 00:00 0 
7fc234000000-7fc234021000 rw-p 00000000 00:00 0 
7fc234021000-7fc238000000 ---p 00000000 00:00 0 
7fc238000000-7fc238021000 rw-p 00000000 00:00 0 
7fc238021000-7fc23c000000 ---p 00000000 00:00 0 
7fc23c000000-7fc23c021000 rw-p 00000000 00:00 0 
7fc23c021000-7fc240000000 ---p 00000000 00:00 0 
7fc240000000-7fc24317f000 rw-p 00000000 00:00 0 
7fc24317f000-7fc244000000 ---p 00000000 00:00 0 
7fc244000000-7fc2448a4000 rw-p 00000000 00:00 0 
7fc2448a4000-7fc248000000 ---p 00000000 00:00 0 
7fc248000000-7fc248021000 rw-p 00000000 00:00 0 
7fc248021000-7fc24c000000 ---p 00000000 00:00 0 
7fc24c000000-7fc24e98b000 rw-p 00000000 00:00 0 
7fc24e98b000-7fc250000000 ---p 00000000 00:00 0 
7fc250000000-7fc2502b0000 rw-p 00000000 00:00 0 
7fc2502b0000-7fc254000000 ---p 00000000 00:00 0 
7fc254000000-7fc25406b000 rw-p 00000000 00:00 0 
7fc25406b000-7fc258000000 ---p 00000000 00:00 0 
7fc258000000-7fc258021000 rw-p 00000000 00:00 0 
7fc258021000-7fc25c000000 ---p 00000000 00:00 0 
7fc25c000000-7fc25c021000 rw-p 00000000 00:00 0 
7fc25c021000-7fc260000000 ---p 00000000 00:00 0 
7fc260000000-7fc260021000 rw-p 00000000 00:00 0 
7fc260021000-7fc264000000 ---p 00000000 00:00 0 
7fc266260000-7fc26c000000 rw-p 00000000 00:00 0 
7fc26c000000-7fc26c163000 rw-p 00000000 00:00 0 
7fc26c163000-7fc270000000 ---p 00000000 00:00 0 
7fc270000000-7fc270021000 rw-p 00000000 00:00 0 
7fc270021000-7fc274000000 ---p 00000000 00:00 0 
7fc274000000-7fc274059000 rw-p 00000000 00:00 0 
7fc274059000-7fc278000000 ---p 00000000 00:00 0 
7fc2795ba000-7fc2795bd000 ---p 00000000 00:00 0 
7fc2795bd000-7fc2796bb000 rw-p 00000000 00:00 0 
7fc2796bb000-7fc27977b000 rw-p 00000000 00:00 0 
7fc27977b000-7fc2798bb000 ---p 00000000 00:00 0 
7fc2798bb000-7fc279abb000 rw-p 00000000 00:00 0 
7fc279abb000-7fc279cbb000 rw-p 00000000 00:00 0 
7fc279cbb000-7fc279ebb000 rw-p 00000000 00:00 0 
7fc279ebb000-7fc27a0bb000 rw-p 00000000 00:00 0 
7fc27a0bb000-7fc27a2bb000 rw-p 00000000 00:00 0 
7fc27a2bb000-7fc27a2be000 ---p 00000000 00:00 0 
7fc27a2be000-7fc27a3bc000 rw-p 00000000 00:00 0 
7fc27a3bc000-7fc27a5bc000 rw-p 00000000 00:00 0 
7fc27a5bc000-7fc27a5d0000 r-xp 00000000 fe:03 1836656                    /lib/x86_64-linux-gnu/libresolv-2.24.so
7fc27a5d0000-7fc27a7cf000 ---p 00014000 fe:03 1836656                    /lib/x86_64-linux-gnu/libresolv-2.24.so
7fc27a7cf000-7fc27a7d0000 r--p 00013000 fe:03 1836656                    /lib/x86_64-linux-gnu/libresolv-2.24.so
7fc27a7d0000-7fc27a7d1000 rw-p 00014000 fe:03 1836656                    /lib/x86_64-linux-gnu/libresolv-2.24.so
7fc27a7d1000-7fc27a7d3000 rw-p 00000000 00:00 0 
7fc27a7d3000-7fc27a7d8000 r-xp 00000000 fe:03 1836644                    /lib/x86_64-linux-gnu/libnss_dns-2.24.so
7fc27a7d8000-7fc27a9d7000 ---p 00005000 fe:03 1836644                    /lib/x86_64-linux-gnu/libnss_dns-2.24.so
7fc27a9d7000-7fc27a9d8000 r--p 00004000 fe:03 1836644                    /lib/x86_64-linux-gnu/libnss_dns-2.24.so
7fc27a9d8000-7fc27a9d9000 rw-p 00005000 fe:03 1836644                    /lib/x86_64-linux-gnu/libnss_dns-2.24.so
7fc27a9d9000-7fc27a9db000 r-xp 00000000 fe:03 1835769                    /lib/x86_64-linux-gnu/libnss_mdns4_minimal.so.2
7fc27a9db000-7fc27abda000 ---p 00002000 fe:03 1835769                    /lib/x86_64-linux-gnu/libnss_mdns4_minimal.so.2
7fc27abda000-7fc27abdb000 r--p 00001000 fe:03 1835769                    /lib/x86_64-linux-gnu/libnss_mdns4_minimal.so.2
7fc27abdb000-7fc27abdc000 rw-p 00002000 fe:03 1835769                    /lib/x86_64-linux-gnu/libnss_mdns4_minimal.so.2
7fc27abf8000-7fc27adf8000 rw-p 00000000 00:00 0 
7fc27adf8000-7fc27aff8000 rw-p 00000000 00:00 0 
7fc27aff8000-7fc27affb000 ---p 00000000 00:00 0 
7fc27affb000-7fc27b0f9000 rw-p 00000000 00:00 0 
7fc27b0f9000-7fc27b0fc000 ---p 00000000 00:00 0 
7fc27b0fc000-7fc27b1fa000 rw-p 00000000 00:00 0 
7fc27b1fa000-7fc27b1fd000 ---p 00000000 00:00 0 
7fc27b1fd000-7fc27b2fb000 rw-p 00000000 00:00 0 
7fc27b2fb000-7fc27b4fb000 rw-p 00000000 00:00 0 
7fc27b4fb000-7fc27b4fe000 ---p 00000000 00:00 0 
7fc27b4fe000-7fc27b5fc000 rw-p 00000000 00:00 0 
7fc27b5fc000-7fc27b5ff000 ---p 00000000 00:00 0 
7fc27b5ff000-7fc27b6fd000 rw-p 00000000 00:00 0 
7fc27b6fd000-7fc27b700000 ---p 00000000 00:00 0 
7fc27b700000-7fc27b7fe000 rw-p 00000000 00:00 0 
7fc27b7fe000-7fc27b801000 ---p 00000000 00:00 0 
7fc27b801000-7fc27b8ff000 rw-p 00000000 00:00 0 
7fc27b8ff000-7fc27b902000 ---p 00000000 00:00 0 
7fc27b902000-7fc27ba00000 rw-p 00000000 00:00 0 
7fc27ba00000-7fc27bc00000 rw-p 00000000 00:00 0 
7fc27bc00000-7fc27be00000 rw-p 00000000 00:00 0 
7fc27be00000-7fc27c000000 rw-p 00000000 00:00 0 
7fc27c000000-7fc27c05a000 rw-p 00000000 00:00 0 
7fc27c05a000-7fc280000000 ---p 00000000 00:00 0 
7fc28001a000-7fc28001d000 ---p 00000000 00:00 0 
7fc28001d000-7fc28011b000 rw-p 00000000 00:00 0 
7fc28011b000-7fc28011e000 ---p 00000000 00:00 0 
7fc28011e000-7fc28021c000 rw-p 00000000 00:00 0 
7fc28021c000-7fc28021f000 ---p 00000000 00:00 0 
7fc28021f000-7fc28031d000 rw-p 00000000 00:00 0 
7fc28031d000-7fc28051d000 rw-p 00000000 00:00 0 
7fc28051d000-7fc280545000 r-xp 00000000 fe:03 3548285                    /usr/lib/jvm/java-8-openjdk-amd64/jre/lib/amd64/libsunec.so
7fc280545000-7fc280745000 ---p 00028000 fe:03 3548285                    /usr/lib/jvm/java-8-openjdk-amd64/jre/lib/amd64/libsunec.so
7fc280745000-7fc280749000 r--p 00028000 fe:03 3548285                    /usr/lib/jvm/java-8-openjdk-amd64/jre/lib/amd64/libsunec.so
7fc280749000-7fc28074a000 rw-p 0002c000 fe:03 3548285                    /usr/lib/jvm/java-8-openjdk-amd64/jre/lib/amd64/libsunec.so
7fc28074a000-7fc28094a000 rw-p 00000000 00:00 0 
7fc28094a000-7fc28094d000 ---p 00000000 00:00 0 
7fc28094d000-7fc281c6b000 rw-p 00000000 00:00 0 
7fc281c6b000-7fc281c74000 r-xp 00000000 fe:03 3548278                    /usr/lib/jvm/java-8-openjdk-amd64/jre/lib/amd64/libmanagement.so
7fc281c74000-7fc281e73000 ---p 00009000 fe:03 3548278                    /usr/lib/jvm/java-8-openjdk-amd64/jre/lib/amd64/libmanagement.so
7fc281e73000-7fc281e74000 r--p 00008000 fe:03 3548278                    /usr/lib/jvm/java-8-openjdk-amd64/jre/lib/amd64/libmanagement.so
7fc281e74000-7fc281e75000 rw-p 00009000 fe:03 3548278                    /usr/lib/jvm/java-8-openjdk-amd64/jre/lib/amd64/libmanagement.so
7fc281e75000-7fc282075000 rw-p 00000000 00:00 0 
7fc282075000-7fc282275000 rw-p 00000000 00:00 0 
7fc282275000-7fc282286000 r-xp 00000000 fe:03 3548281                    /usr/lib/jvm/java-8-openjdk-amd64/jre/lib/amd64/libnio.so
7fc282286000-7fc282486000 ---p 00011000 fe:03 3548281                    /usr/lib/jvm/java-8-openjdk-amd64/jre/lib/amd64/libnio.so
7fc282486000-7fc282487000 r--p 00011000 fe:03 3548281                    /usr/lib/jvm/java-8-openjdk-amd64/jre/lib/amd64/libnio.so
7fc282487000-7fc282488000 rw-p 00012000 fe:03 3548281                    /usr/lib/jvm/java-8-openjdk-amd64/jre/lib/amd64/libnio.so
7fc282488000-7fc28248b000 ---p 00000000 00:00 0 
7fc28248b000-7fc28275e000 rw-p 00000000 00:00 0 
7fc28275e000-7fc282775000 r-xp 00000000 fe:03 3548280                    /usr/lib/jvm/java-8-openjdk-amd64/jre/lib/amd64/libnet.so
7fc282775000-7fc282974000 ---p 00017000 fe:03 3548280                    /usr/lib/jvm/java-8-openjdk-amd64/jre/lib/amd64/libnet.so
7fc282974000-7fc282975000 r--p 00016000 fe:03 3548280                    /usr/lib/jvm/java-8-openjdk-amd64/jre/lib/amd64/libnet.so
7fc282975000-7fc282976000 rw-p 00017000 fe:03 3548280                    /usr/lib/jvm/java-8-openjdk-amd64/jre/lib/amd64/libnet.so
7fc282976000-7fc282977000 ---p 00000000 00:00 0 
7fc282977000-7fc282a77000 rw-p 00000000 00:00 0 
7fc282a77000-7fc282a7a000 ---p 00000000 00:00 0 
7fc282a7a000-7fc282b78000 rw-p 00000000 00:00 0 
7fc282b78000-7fc282b7b000 ---p 00000000 00:00 0 
7fc282b7b000-7fc282c79000 rw-p 00000000 00:00 0 
7fc282c79000-7fc282c7c000 ---p 00000000 00:00 0 
7fc282c7c000-7fc282d7a000 rw-p 00000000 00:00 0 
7fc282d7a000-7fc282d7d000 ---p 00000000 00:00 0 
7fc282d7d000-7fc282e7b000 rw-p 00000000 00:00 0 
7fc282e7b000-7fc282e8e000 r--s 00346000 fe:03 3548505                    /usr/lib/jvm/java-8-openjdk-amd64/jre/lib/resources.jar
7fc282e8e000-7fc282e90000 r--s 00016000 fe:03 3548499                    /usr/lib/jvm/java-8-openjdk-amd64/jre/lib/jce.jar
7fc282e90000-7fc282e95000 r--s 0009d000 fe:03 3548501                    /usr/lib/jvm/java-8-openjdk-amd64/jre/lib/jsse.jar
7fc282e95000-7fc282e98000 r--s 0001d000 fe:01 1579891                    /home/user/Téléchargements/softwares/eclipse/photon/eclipse/configuration/org.eclipse.osgi/232/0/.cp/lib/javaagent-shaded.jar
7fc282e98000-7fc282e9a000 r--s 0000f000 fe:01 1072936                    /home/user/.p2/pool/plugins/org.hamcrest.core_1.3.0.v20180420-1519.jar
7fc282e9a000-7fc282ea2000 r--s 00045000 fe:01 1073922                    /home/user/.p2/pool/plugins/org.junit_4.12.0.v201504281640/junit.jar
7fc282ea2000-7fc282ea3000 r--s 00003000 fe:01 1072081                    /home/user/.p2/pool/plugins/org.apiguardian_1.0.0.v20180327-1502.jar
7fc282ea3000-7fc282ea5000 r--s 00004000 fe:01 1072113                    /home/user/.p2/pool/plugins/org.opentest4j_1.0.0.v20180327-1502.jar
7fc282ea5000-7fc282ea8000 r--s 00012000 fe:01 1072995                    /home/user/.p2/pool/plugins/org.junit.vintage.engine_5.1.0.v20180327-1502.jar
7fc282ea8000-7fc282eaa000 r--s 00006000 fe:01 1072938                    /home/user/.p2/pool/plugins/org.junit.platform.suite.api_1.1.0.v20180327-1502.jar
7fc282eaa000-7fc282eac000 r--s 00007000 fe:01 1073019                    /home/user/.p2/pool/plugins/org.junit.platform.runner_1.1.0.v20180327-1502.jar
7fc282eac000-7fc282eaf000 r--s 00016000 fe:01 1074106                    /home/user/.p2/pool/plugins/org.junit.platform.launcher_1.1.0.v20180327-1502.jar
7fc282eaf000-7fc282eb2000 r--s 00019000 fe:01 1074082                    /home/user/.p2/pool/plugins/org.junit.platform.engine_1.1.0.v20180327-1502.jar
7fc282eb2000-7fc282eb5000 r--s 00015000 fe:01 1073064                    /home/user/.p2/pool/plugins/org.junit.platform.commons_1.1.0.v20180327-1502.jar
7fc282eb5000-7fc282ec0000 r--s 00071000 fe:01 1074043                    /home/user/.p2/pool/plugins/org.junit.jupiter.params_5.1.0.v20180327-1502.jar
7fc282ec0000-7fc282ec2000 r--s 00009000 fe:01 1073046                    /home/user/.p2/pool/plugins/org.junit.jupiter.migrationsupport_5.1.0.v20180327-1502.jar
7fc282ec2000-7fc282ec6000 r--s 00025000 fe:01 1074042                    /home/user/.p2/pool/plugins/org.junit.jupiter.engine_5.1.0.v20180327-1502.jar
7fc282ec6000-7fc282eca000 r--s 0001d000 fe:01 1073072                    /home/user/.p2/pool/plugins/org.junit.jupiter.api_5.1.0.v20180327-1502.jar
7fc282eca000-7fc282ecc000 r--s 0002a000 fe:01 1456383                    /home/user/Documents/workspace/JDM-Visual/jdm_visualizer/lib/RequeterRezo/RequeterRezo.jar
7fc282ecc000-7fc282f46000 r--s 010ff000 fe:03 3548194                    /usr/lib/jvm/java-8-openjdk-amd64/lib/tools.jar
7fc282f46000-7fc282f51000 r--s 0007e000 fe:01 1450798                    /home/user/.m2/repository/org/apache/commons/commons-compress/1.16.1/commons-compress-1.16.1.jar
7fc282f51000-7fc282f52000 r--s 00004000 fe:01 1450796                    /home/user/.m2/repository/com/profesorfalken/jPowerShell/1.9/jPowerShell-1.9.jar
7fc282f52000-7fc282f54000 r--s 0000c000 fe:01 1450794                    /home/user/.m2/repository/com/profesorfalken/WMI4Java/1.6.1/WMI4Java-1.6.1.jar
7fc282f54000-7fc282f56000 r--s 00005000 fe:01 1083081                    /home/user/.m2/repository/org/jprocesses/jProcesses/1.6.4/jProcesses-1.6.4.jar
7fc282f56000-7fc282f57000 r--s 0000c000 fe:01 1579842                    /home/user/.m2/repository/org/neo4j/neo4j-import-tool/3.4.8/neo4j-import-tool-3.4.8.jar
7fc282f57000-7fc282f5a000 r--s 00016000 fe:01 1579840                    /home/user/.m2/repository/org/neo4j/neo4j-dbms/3.4.8/neo4j-dbms-3.4.8.jar
7fc282f5a000-7fc282f5e000 r--s 00029000 fe:01 1450792                    /home/user/.m2/repository/org/apache/commons/commons-text/1.3/commons-text-1.3.jar
7fc282f5e000-7fc282f60000 r--s 00009000 fe:01 1579832                    /home/user/.m2/repository/org/neo4j/neo4j-command-line/3.4.8/neo4j-command-line-3.4.8.jar
7fc282f60000-7fc282f69000 r--s 00053000 fe:01 1579825                    /home/user/.m2/repository/org/neo4j/neo4j-consistency-check/3.4.8/neo4j-consistency-check-3.4.8.jar
7fc282f69000-7fc282f6b000 r--s 0000b000 fe:01 1579823                    /home/user/.m2/repository/org/neo4j/neo4j-jmx/3.4.8/neo4j-jmx-3.4.8.jar
7fc282f6b000-7fc282f73000 r--s 00072000 fe:01 1450788                    /home/user/.m2/repository/org/apache/commons/commons-lang3/3.7/commons-lang3-3.7.jar
7fc282f73000-7fc282f74000 r--s 00004000 fe:01 1579513                    /home/user/.m2/repository/net/sf/opencsv/opencsv/2.3/opencsv-2.3.jar
7fc282f74000-7fc282f79000 r--s 00029000 fe:01 1448634                    /home/user/.m2/repository/org/parboiled/parboiled-core/1.1.7/parboiled-core-1.1.7.jar
7fc282f79000-7fc282f7d000 r--s 00035000 fe:01 1448632                    /home/user/.m2/repository/org/parboiled/parboiled-scala_2.11/1.1.7/parboiled-scala_2.11-1.1.7.jar
7fc282f7d000-7fc282fb0000 r--s 0028d000 fe:01 1579788                    /home/user/.m2/repository/org/neo4j/neo4j-cypher-interpreted-runtime/3.4.8/neo4j-cypher-interpreted-runtime-3.4.8.jar
7fc282fb0000-7fc282fbc000 r--s 00086000 fe:01 1579785                    /home/user/.m2/repository/org/neo4j/neo4j-cypher-runtime-util/3.4.8/neo4j-cypher-runtime-util-3.4.8.jar
7fc282fbc000-7fc282fc0000 r--s 0001a000 fe:01 1579783                    /home/user/.m2/repository/org/neo4j/neo4j-cypher-planner-spi-3.4/3.4.8/neo4j-cypher-planner-spi-3.4-3.4.8.jar
7fc282fc0000-7fc282fcd000 r--s 000ad000 fe:01 1579780                    /home/user/.m2/repository/org/neo4j/neo4j-cypher-logical-plans-3.4/3.4.8/neo4j-cypher-logical-plans-3.4-3.4.8.jar
7fc282fcd000-7fc282fd9000 r--s 00078000 fe:01 1579778                    /home/user/.m2/repository/org/neo4j/neo4j-cypher-ir-3.4/3.4.8/neo4j-cypher-ir-3.4-3.4.8.jar
7fc282fd9000-7fc282fe7000 r--s 000bc000 fe:01 1579776                    /home/user/.m2/repository/org/neo4j/neo4j-cypher-expression-3.4/3.4.8/neo4j-cypher-expression-3.4-3.4.8.jar
7fc282fe7000-7fc28303c000 r--s 0033a000 fe:01 1579773                    /home/user/.m2/repository/org/neo4j/openCypher-frontend-1/3.4.8/openCypher-frontend-1-3.4.8.jar
7fc28303c000-7fc28306d000 r--s 001ec000 fe:01 1579771                    /home/user/.m2/repository/org/neo4j/neo4j-cypher-planner-3.4/3.4.8/neo4j-cypher-planner-3.4-3.4.8.jar
7fc28306d000-7fc283077000 r--s 00064000 fe:01 1579769                    /home/user/.m2/repository/org/neo4j/neo4j-cypher-util-3.4/3.4.8/neo4j-cypher-util-3.4-3.4.8.jar
7fc283077000-7fc283082000 r--s 0009a000 fe:01 1579767                    /home/user/.m2/repository/org/neo4j/neo4j-cypher-logical-plans-3.3/3.3.7/neo4j-cypher-logical-plans-3.3-3.3.7.jar
7fc283082000-7fc28308e000 r--s 0007b000 fe:01 1579765                    /home/user/.m2/repository/org/neo4j/neo4j-cypher-ir-3.3/3.3.7/neo4j-cypher-ir-3.3-3.3.7.jar
7fc28308e000-7fc2830f3000 r--s 00411000 fe:01 1579763                    /home/user/.m2/repository/org/neo4j/neo4j-cypher-frontend-3.3/3.3.7/neo4j-cypher-frontend-3.3-3.3.7.jar
7fc2830f3000-7fc283127000 r--s 001fa000 fe:01 1579761                    /home/user/.m2/repository/org/neo4j/neo4j-cypher-compiler-3.3/3.3.7/neo4j-cypher-compiler-3.3-3.3.7.jar
7fc283127000-7fc28313d000 r--s 000d6000 fe:01 1450781                    /home/user/.m2/repository/com/github/ben-manes/caffeine/caffeine/2.3.3/caffeine-2.3.3.jar
7fc28313d000-7fc283182000 r--s 002bd000 fe:01 1579759                    /home/user/.m2/repository/org/neo4j/neo4j-cypher-frontend-3.1/3.1.9/neo4j-cypher-frontend-3.1-3.1.9.jar
7fc283182000-7fc283248000 r--s 00909000 fe:01 1579756                    /home/user/.m2/repository/org/neo4j/neo4j-cypher-compiler-3.1/3.1.9/neo4j-cypher-compiler-3.1-3.1.9.jar
7fc283248000-7fc28324c000 r--s 00019000 fe:01 1448636                    /home/user/.m2/repository/com/googlecode/concurrentlinkedhashmap/concurrentlinkedhashmap-lru/1.4.2/concurrentlinkedhashmap-lru-1.4.2.jar
7fc28324c000-7fc283296000 r--s 002fa000 fe:01 1579754                    /home/user/.m2/repository/org/neo4j/neo4j-cypher-frontend-2.3/2.3.12/neo4j-cypher-frontend-2.3-2.3.12.jar
7fc283296000-7fc283338000 r--s 00741000 fe:01 1579747                    /home/user/.m2/repository/org/neo4j/neo4j-cypher-compiler-2.3/2.3.12/neo4j-cypher-compiler-2.3-2.3.12.jar
7fc283338000-7fc28333a000 r--s 0000b000 fe:01 1450777                    /home/user/.m2/repository/org/ow2/asm/asm-tree/6.2/asm-tree-6.2.jar
7fc28333a000-7fc28333c000 r--s 00012000 fe:01 1450773                    /home/user/.m2/repository/org/ow2/asm/asm-util/6.2/asm-util-6.2.jar
7fc28333c000-7fc28333e000 r--s 0001a000 fe:01 1450755                    /home/user/.m2/repository/org/ow2/asm/asm/6.2/asm-6.2.jar
7fc28333e000-7fc283345000 r--s 0006b000 fe:01 1579745                    /home/user/.m2/repository/org/neo4j/neo4j-codegen/3.4.8/neo4j-codegen-3.4.8.jar
7fc283345000-7fc283347000 r--s 0000c000 fe:01 1579743                    /home/user/.m2/repository/org/neo4j/neo4j-graph-matching/3.1.9/neo4j-graph-matching-3.1.9.jar
7fc283347000-7fc283394000 r--s 0041c000 fe:01 1083160                    /home/user/.m2/repository/org/scala-lang/scala-reflect/2.11.12/scala-reflect-2.11.12.jar
7fc283394000-7fc2833ed000 r--s 00523000 fe:01 1083158                    /home/user/.m2/repository/org/scala-lang/scala-library/2.11.12/scala-library-2.11.12.jar
7fc2833ed000-7fc28341e000 r--s 001f9000 fe:01 1579741                    /home/user/.m2/repository/org/neo4j/neo4j-cypher/3.4.8/neo4j-cypher-3.4.8.jar
7fc28341e000-7fc283426000 r--s 0005f000 fe:01 1450753                    /home/user/.m2/repository/org/apache/lucene/lucene-codecs/5.5.5/lucene-codecs-5.5.5.jar
7fc283426000-7fc283430000 r--s 00059000 fe:01 1450751                    /home/user/.m2/repository/org/apache/lucene/lucene-queryparser/5.5.5/lucene-queryparser-5.5.5.jar
7fc283430000-7fc283458000 r--s 0021b000 fe:01 1450749                    /home/user/.m2/repository/org/apache/lucene/lucene-core/5.5.5/lucene-core-5.5.5.jar
7fc283458000-7fc2834b0000 r--s 003a7000 fe:01 1083155                    /home/user/.m2/repository/org/bouncycastle/bcprov-jdk15on/1.60/bcprov-jdk15on-1.60.jar
7fc2834b0000-7fc2834f2000 r--s 00363000 fe:01 1579730                    /home/user/.m2/repository/io/netty/netty-all/4.1.24.Final/netty-all-4.1.24.Final.jar
7fc2834f2000-7fc2834f5000 ---p 00000000 00:00 0 
7fc2834f5000-7fc2835f3000 rw-p 00000000 00:00 0 
7fc2835f3000-7fc2835f6000 ---p 00000000 00:00 0 
7fc2835f6000-7fc2836f4000 rw-p 00000000 00:00 0 
7fc2836f4000-7fc2836f7000 ---p 00000000 00:00 0 
7fc2836f7000-7fc2837f5000 rw-p 00000000 00:00 0 
7fc2837f5000-7fc2837f9000 r-xp 00000000 fe:03 3548261                    /usr/lib/jvm/java-8-openjdk-amd64/jre/lib/amd64/libdt_socket.so
7fc2837f9000-7fc2839f8000 ---p 00004000 fe:03 3548261                    /usr/lib/jvm/java-8-openjdk-amd64/jre/lib/amd64/libdt_socket.so
7fc2839f8000-7fc2839f9000 r--p 00003000 fe:03 3548261                    /usr/lib/jvm/java-8-openjdk-amd64/jre/lib/amd64/libdt_socket.so
7fc2839f9000-7fc2839fa000 rw-p 00004000 fe:03 3548261                    /usr/lib/jvm/java-8-openjdk-amd64/jre/lib/amd64/libdt_socket.so
7fc2839fa000-7fc2839fd000 ---p 00000000 00:00 0 
7fc2839fd000-7fc283afb000 rw-p 00000000 00:00 0 
7fc283afb000-7fc283afe000 ---p 00000000 00:00 0 
7fc283afe000-7fc283bfc000 rw-p 00000000 00:00 0 
7fc283bfc000-7fc283bff000 ---p 00000000 00:00 0 
7fc283bff000-7fc283cfd000 rw-p 00000000 00:00 0 
7fc283cfd000-7fc283cfe000 ---p 00000000 00:00 0 
7fc283cfe000-7fc284000000 rw-p 00000000 00:00 0 
7fc284000000-7fc28404f000 rw-p 00000000 00:00 0 
7fc28404f000-7fc288000000 ---p 00000000 00:00 0 
7fc288000000-7fc288001000 r--s 00007000 fe:01 1450775                    /home/user/.m2/repository/org/ow2/asm/asm-analysis/6.2/asm-analysis-6.2.jar
7fc288001000-7fc288002000 r--s 00009000 fe:01 1579739                    /home/user/.m2/repository/org/neo4j/neo4j-udc/3.4.8/neo4j-udc-3.4.8.jar
7fc288002000-7fc288006000 r--s 00028000 fe:01 1579737                    /home/user/.m2/repository/org/neo4j/neo4j-graph-algo/3.4.8/neo4j-graph-algo-3.4.8.jar
7fc288006000-7fc288018000 r--s 0016f000 fe:01 1450747                    /home/user/.m2/repository/org/apache/lucene/lucene-analyzers-common/5.5.5/lucene-analyzers-common-5.5.5.jar
7fc288018000-7fc28801f000 r--s 00043000 fe:01 1579735                    /home/user/.m2/repository/org/neo4j/neo4j-lucene-index/3.4.8/neo4j-lucene-index-3.4.8.jar
7fc28801f000-7fc288032000 r--s 000b0000 fe:01 1083153                    /home/user/.m2/repository/org/bouncycastle/bcpkix-jdk15on/1.60/bcpkix-jdk15on-1.60.jar
7fc288032000-7fc288033000 r--s 00007000 fe:01 1579728                    /home/user/.m2/repository/org/neo4j/neo4j-ssl/3.4.8/neo4j-ssl-3.4.8.jar
7fc288033000-7fc288035000 r--s 0000a000 fe:01 1579726                    /home/user/.m2/repository/org/neo4j/neo4j-spatial-index/3.4.8/neo4j-spatial-index-3.4.8.jar
7fc288035000-7fc288038000 r--s 00024000 fe:01 1579724                    /home/user/.m2/repository/org/neo4j/neo4j-index/3.4.8/neo4j-index-3.4.8.jar
7fc288038000-7fc28803a000 r--s 00006000 fe:01 1579722                    /home/user/.m2/repository/org/neo4j/neo4j-configuration/3.4.8/neo4j-configuration-3.4.8.jar
7fc28803a000-7fc288042000 r--s 00062000 fe:01 1579720                    /home/user/.m2/repository/org/apache/lucene/lucene-backward-codecs/5.5.0/lucene-backward-codecs-5.5.0.jar
7fc288042000-7fc288044000 r--s 00011000 fe:01 1579716                    /home/user/.m2/repository/org/neo4j/neo4j-logging/3.4.8/neo4j-logging-3.4.8.jar
7fc288044000-7fc288046000 r--s 00015000 fe:01 1579714                    /home/user/.m2/repository/org/neo4j/neo4j-csv/3.4.8/neo4j-csv-3.4.8.jar
7fc288046000-7fc28804a000 r--s 0002d000 fe:01 1579712                    /home/user/.m2/repository/org/neo4j/neo4j-io/3.4.8/neo4j-io-3.4.8.jar
7fc28804a000-7fc28804c000 r--s 00006000 fe:01 1579710                    /home/user/.m2/repository/org/neo4j/neo4j-unsafe/3.4.8/neo4j-unsafe-3.4.8.jar
7fc28804c000-7fc288052000 r--s 00028000 fe:01 1579708                    /home/user/.m2/repository/org/neo4j/neo4j-primitive-collections/3.4.8/neo4j-primitive-collections-3.4.8.jar
7fc288052000-7fc288055000 r--s 00015000 fe:01 1579706                    /home/user/.m2/repository/org/neo4j/neo4j-collections/3.4.8/neo4j-collections-3.4.8.jar
7fc288055000-7fc28805b000 r--s 0004d000 fe:01 1579704                    /home/user/.m2/repository/org/neo4j/neo4j-values/3.4.8/neo4j-values-3.4.8.jar
7fc28805b000-7fc28805e000 r--s 00019000 fe:01 1579702                    /home/user/.m2/repository/org/neo4j/neo4j-common/3.4.8/neo4j-common-3.4.8.jar
7fc28805e000-7fc288064000 r--s 00021000 fe:01 1579700                    /home/user/.m2/repository/org/neo4j/neo4j-kernel-api/3.4.8/neo4j-kernel-api-3.4.8.jar
7fc288064000-7fc28806b000 r--s 0002d000 fe:01 1579694                    /home/user/.m2/repository/org/neo4j/neo4j-graphdb-api/3.4.8/neo4j-graphdb-api-3.4.8.jar
7fc28806b000-7fc2880b5000 r--s 0034d000 fe:01 1579692                    /home/user/.m2/repository/org/neo4j/neo4j-kernel/3.4.8/neo4j-kernel-3.4.8.jar
7fc2880b5000-7fc2880d6000 r--s 00168000 fe:01 1966899                    /home/user/.m2/repository/org/apache/logging/log4j/log4j-core/2.11.1/log4j-core-2.11.1.jar
7fc2880d6000-7fc288e31000 rw-p 00000000 00:00 0 
7fc288e31000-7fc289000000 r--s 03c33000 fe:03 3548506                    /usr/lib/jvm/java-8-openjdk-amd64/jre/lib/rt.jar
7fc289000000-7fc28a1f0000 rwxp 00000000 00:00 0 
7fc28a1f0000-7fc298000000 ---p 00000000 00:00 0 
7fc298000000-7fc29bff8000 rw-p 00000000 00:00 0 
7fc29bff8000-7fc29c000000 ---p 00000000 00:00 0 
7fc29c000000-7fc29c001000 r--s 004af000 fe:01 1579718                    /home/user/.m2/repository/org/neo4j/neo4j-lucene-upgrade/3.4.8/neo4j-lucene-upgrade-3.4.8.jar
7fc29c001000-7fc29c003000 r--s 00005000 fe:01 1579698                    /home/user/.m2/repository/org/neo4j/neo4j-procedure-api/3.4.8/neo4j-procedure-api-3.4.8.jar
7fc29c003000-7fc29c009000 r--s 0003b000 fe:01 1583106                    /home/user/.m2/repository/org/apache/logging/log4j/log4j-api/2.11.1/log4j-api-2.11.1.jar
7fc29c009000-7fc29c018000 r--s 000a9000 fe:01 1578943                    /home/user/.m2/repository/org/apache/commons/commons-collections4/4.2/commons-collections4-4.2.jar
7fc29c018000-7fc29c020000 r--s 00045000 fe:01 1313737                    /home/user/.m2/repository/junit/junit/4.12/junit-4.12.jar
7fc29c020000-7fc29c096000 rw-p 00000000 00:00 0 
7fc29c096000-7fc29c896000 rw-p 00000000 00:00 0 
7fc29c896000-7fc29ce70000 rw-p 00000000 00:00 0 
7fc29ce70000-7fc29ce71000 ---p 00000000 00:00 0 
7fc29ce71000-7fc29cf71000 rw-p 00000000 00:00 0 
7fc29cf71000-7fc29cf72000 ---p 00000000 00:00 0 
7fc29cf72000-7fc29d072000 rw-p 00000000 00:00 0 
7fc29d072000-7fc29d073000 ---p 00000000 00:00 0 
7fc29d073000-7fc29d173000 rw-p 00000000 00:00 0 
7fc29d173000-7fc29d174000 ---p 00000000 00:00 0 
7fc29d174000-7fc29d274000 rw-p 00000000 00:00 0 
7fc29d274000-7fc29d446000 rw-p 00000000 00:00 0 
7fc29d446000-7fc29d65b000 ---p 00000000 00:00 0 
7fc29d65b000-7fc29d82d000 rw-p 00000000 00:00 0 
7fc29d82d000-7fc29da41000 ---p 00000000 00:00 0 
7fc29da41000-7fc29dbd5000 rw-p 00000000 00:00 0 
7fc29dbd5000-7fc29dbdb000 ---p 00000000 00:00 0 
7fc29dbdb000-7fc29dc35000 ---p 00000000 00:00 0 
7fc29dc35000-7fc29dc7e000 rw-p 00000000 00:00 0 
7fc29dc7e000-7fc29dff6000 ---p 00000000 00:00 0 
7fc29dff6000-7fc29dffe000 r-xp 00000000 fe:03 3548288                    /usr/lib/jvm/java-8-openjdk-amd64/jre/lib/amd64/libzip.so
7fc29dffe000-7fc29e1fd000 ---p 00008000 fe:03 3548288                    /usr/lib/jvm/java-8-openjdk-amd64/jre/lib/amd64/libzip.so
7fc29e1fd000-7fc29e1fe000 r--p 00007000 fe:03 3548288                    /usr/lib/jvm/java-8-openjdk-amd64/jre/lib/amd64/libzip.so
7fc29e1fe000-7fc29e1ff000 rw-p 00008000 fe:03 3548288                    /usr/lib/jvm/java-8-openjdk-amd64/jre/lib/amd64/libzip.so
7fc29e1ff000-7fc29e209000 r-xp 00000000 fe:03 1836646                    /lib/x86_64-linux-gnu/libnss_files-2.24.so
7fc29e209000-7fc29e409000 ---p 0000a000 fe:03 1836646                    /lib/x86_64-linux-gnu/libnss_files-2.24.so
7fc29e409000-7fc29e40a000 r--p 0000a000 fe:03 1836646                    /lib/x86_64-linux-gnu/libnss_files-2.24.so
7fc29e40a000-7fc29e40b000 rw-p 0000b000 fe:03 1836646                    /lib/x86_64-linux-gnu/libnss_files-2.24.so
7fc29e40b000-7fc29e411000 rw-p 00000000 00:00 0 
7fc29e411000-7fc29e41c000 r-xp 00000000 fe:03 1836650                    /lib/x86_64-linux-gnu/libnss_nis-2.24.so
7fc29e41c000-7fc29e61b000 ---p 0000b000 fe:03 1836650                    /lib/x86_64-linux-gnu/libnss_nis-2.24.so
7fc29e61b000-7fc29e61c000 r--p 0000a000 fe:03 1836650                    /lib/x86_64-linux-gnu/libnss_nis-2.24.so
7fc29e61c000-7fc29e61d000 rw-p 0000b000 fe:03 1836650                    /lib/x86_64-linux-gnu/libnss_nis-2.24.so
7fc29e61d000-7fc29e631000 r-xp 00000000 fe:03 1836642                    /lib/x86_64-linux-gnu/libnsl-2.24.so
7fc29e631000-7fc29e831000 ---p 00014000 fe:03 1836642                    /lib/x86_64-linux-gnu/libnsl-2.24.so
7fc29e831000-7fc29e832000 r--p 00014000 fe:03 1836642                    /lib/x86_64-linux-gnu/libnsl-2.24.so
7fc29e832000-7fc29e833000 rw-p 00015000 fe:03 1836642                    /lib/x86_64-linux-gnu/libnsl-2.24.so
7fc29e833000-7fc29e835000 rw-p 00000000 00:00 0 
7fc29e835000-7fc29e83c000 r-xp 00000000 fe:03 1836643                    /lib/x86_64-linux-gnu/libnss_compat-2.24.so
7fc29e83c000-7fc29ea3b000 ---p 00007000 fe:03 1836643                    /lib/x86_64-linux-gnu/libnss_compat-2.24.so
7fc29ea3b000-7fc29ea3c000 r--p 00006000 fe:03 1836643                    /lib/x86_64-linux-gnu/libnss_compat-2.24.so
7fc29ea3c000-7fc29ea3d000 rw-p 00007000 fe:03 1836643                    /lib/x86_64-linux-gnu/libnss_compat-2.24.so
7fc29ea3d000-7fc29ea47000 r-xp 00000000 fe:03 3548264                    /usr/lib/jvm/java-8-openjdk-amd64/jre/lib/amd64/libinstrument.so
7fc29ea47000-7fc29ec46000 ---p 0000a000 fe:03 3548264                    /usr/lib/jvm/java-8-openjdk-amd64/jre/lib/amd64/libinstrument.so
7fc29ec46000-7fc29ec47000 r--p 00009000 fe:03 3548264                    /usr/lib/jvm/java-8-openjdk-amd64/jre/lib/amd64/libinstrument.so
7fc29ec47000-7fc29ec48000 rw-p 0000a000 fe:03 3548264                    /usr/lib/jvm/java-8-openjdk-amd64/jre/lib/amd64/libinstrument.so
7fc29ec48000-7fc29ede3000 r--p 00000000 fe:03 3020348                    /usr/lib/locale/locale-archive
7fc29ede3000-7fc29ede5000 r-xp 00000000 fe:03 3548282                    /usr/lib/jvm/java-8-openjdk-amd64/jre/lib/amd64/libnpt.so
7fc29ede5000-7fc29efe5000 ---p 00002000 fe:03 3548282                    /usr/lib/jvm/java-8-openjdk-amd64/jre/lib/amd64/libnpt.so
7fc29efe5000-7fc29efe6000 r--p 00002000 fe:03 3548282                    /usr/lib/jvm/java-8-openjdk-amd64/jre/lib/amd64/libnpt.so
7fc29efe6000-7fc29efe7000 rw-p 00003000 fe:03 3548282                    /usr/lib/jvm/java-8-openjdk-amd64/jre/lib/amd64/libnpt.so
7fc29efe7000-7fc29f022000 r-xp 00000000 fe:03 3548274                    /usr/lib/jvm/java-8-openjdk-amd64/jre/lib/amd64/libjdwp.so
7fc29f022000-7fc29f222000 ---p 0003b000 fe:03 3548274                    /usr/lib/jvm/java-8-openjdk-amd64/jre/lib/amd64/libjdwp.so
7fc29f222000-7fc29f223000 r--p 0003b000 fe:03 3548274                    /usr/lib/jvm/java-8-openjdk-amd64/jre/lib/amd64/libjdwp.so
7fc29f223000-7fc29f224000 rw-p 0003c000 fe:03 3548274                    /usr/lib/jvm/java-8-openjdk-amd64/jre/lib/amd64/libjdwp.so
7fc29f224000-7fc29f251000 r-xp 00000000 fe:03 3548269                    /usr/lib/jvm/java-8-openjdk-amd64/jre/lib/amd64/libjava.so
7fc29f251000-7fc29f451000 ---p 0002d000 fe:03 3548269                    /usr/lib/jvm/java-8-openjdk-amd64/jre/lib/amd64/libjava.so
7fc29f451000-7fc29f452000 r--p 0002d000 fe:03 3548269                    /usr/lib/jvm/java-8-openjdk-amd64/jre/lib/amd64/libjava.so
7fc29f452000-7fc29f454000 rw-p 0002e000 fe:03 3548269                    /usr/lib/jvm/java-8-openjdk-amd64/jre/lib/amd64/libjava.so
7fc29f454000-7fc29f463000 r-xp 00000000 fe:03 3548287                    /usr/lib/jvm/java-8-openjdk-amd64/jre/lib/amd64/libverify.so
7fc29f463000-7fc29f663000 ---p 0000f000 fe:03 3548287                    /usr/lib/jvm/java-8-openjdk-amd64/jre/lib/amd64/libverify.so
7fc29f663000-7fc29f665000 r--p 0000f000 fe:03 3548287                    /usr/lib/jvm/java-8-openjdk-amd64/jre/lib/amd64/libverify.so
7fc29f665000-7fc29f666000 rw-p 00011000 fe:03 3548287                    /usr/lib/jvm/java-8-openjdk-amd64/jre/lib/amd64/libverify.so
7fc29f666000-7fc29f66d000 r-xp 00000000 fe:03 1836657                    /lib/x86_64-linux-gnu/librt-2.24.so
7fc29f66d000-7fc29f86c000 ---p 00007000 fe:03 1836657                    /lib/x86_64-linux-gnu/librt-2.24.so
7fc29f86c000-7fc29f86d000 r--p 00006000 fe:03 1836657                    /lib/x86_64-linux-gnu/librt-2.24.so
7fc29f86d000-7fc29f86e000 rw-p 00007000 fe:03 1836657                    /lib/x86_64-linux-gnu/librt-2.24.so
7fc29f86e000-7fc29f884000 r-xp 00000000 fe:03 1836615                    /lib/x86_64-linux-gnu/libgcc_s.so.1
7fc29f884000-7fc29fa83000 ---p 00016000 fe:03 1836615                    /lib/x86_64-linux-gnu/libgcc_s.so.1
7fc29fa83000-7fc29fa84000 r--p 00015000 fe:03 1836615                    /lib/x86_64-linux-gnu/libgcc_s.so.1
7fc29fa84000-7fc29fa85000 rw-p 00016000 fe:03 1836615                    /lib/x86_64-linux-gnu/libgcc_s.so.1
7fc29fa85000-7fc29fb88000 r-xp 00000000 fe:03 1836638                    /lib/x86_64-linux-gnu/libm-2.24.so
7fc29fb88000-7fc29fd87000 ---p 00103000 fe:03 1836638                    /lib/x86_64-linux-gnu/libm-2.24.so
7fc29fd87000-7fc29fd88000 r--p 00102000 fe:03 1836638                    /lib/x86_64-linux-gnu/libm-2.24.so
7fc29fd88000-7fc29fd89000 rw-p 00103000 fe:03 1836638                    /lib/x86_64-linux-gnu/libm-2.24.so
7fc29fd89000-7fc29fefb000 r-xp 00000000 fe:03 3023662                    /usr/lib/x86_64-linux-gnu/libstdc++.so.6.0.22
7fc29fefb000-7fc2a00fb000 ---p 00172000 fe:03 3023662                    /usr/lib/x86_64-linux-gnu/libstdc++.so.6.0.22
7fc2a00fb000-7fc2a0105000 r--p 00172000 fe:03 3023662                    /usr/lib/x86_64-linux-gnu/libstdc++.so.6.0.22
7fc2a0105000-7fc2a0107000 rw-p 0017c000 fe:03 3023662                    /usr/lib/x86_64-linux-gnu/libstdc++.so.6.0.22
7fc2a0107000-7fc2a010b000 rw-p 00000000 00:00 0 
7fc2a010b000-7fc2a0d6a000 r-xp 00000000 fe:03 3548471                    /usr/lib/jvm/java-8-openjdk-amd64/jre/lib/amd64/server/libjvm.so
7fc2a0d6a000-7fc2a0f69000 ---p 00c5f000 fe:03 3548471                    /usr/lib/jvm/java-8-openjdk-amd64/jre/lib/amd64/server/libjvm.so
7fc2a0f69000-7fc2a0ffd000 r--p 00c5e000 fe:03 3548471                    /usr/lib/jvm/java-8-openjdk-amd64/jre/lib/amd64/server/libjvm.so
7fc2a0ffd000-7fc2a1026000 rw-p 00cf2000 fe:03 3548471                    /usr/lib/jvm/java-8-openjdk-amd64/jre/lib/amd64/server/libjvm.so
7fc2a1026000-7fc2a1056000 rw-p 00000000 00:00 0 
7fc2a1056000-7fc2a11eb000 r-xp 00000000 fe:03 1835816                    /lib/x86_64-linux-gnu/libc-2.24.so
7fc2a11eb000-7fc2a13eb000 ---p 00195000 fe:03 1835816                    /lib/x86_64-linux-gnu/libc-2.24.so
7fc2a13eb000-7fc2a13ef000 r--p 00195000 fe:03 1835816                    /lib/x86_64-linux-gnu/libc-2.24.so
7fc2a13ef000-7fc2a13f1000 rw-p 00199000 fe:03 1835816                    /lib/x86_64-linux-gnu/libc-2.24.so
7fc2a13f1000-7fc2a13f5000 rw-p 00000000 00:00 0 
7fc2a13f5000-7fc2a13f8000 r-xp 00000000 fe:03 1836637                    /lib/x86_64-linux-gnu/libdl-2.24.so
7fc2a13f8000-7fc2a15f7000 ---p 00003000 fe:03 1836637                    /lib/x86_64-linux-gnu/libdl-2.24.so
7fc2a15f7000-7fc2a15f8000 r--p 00002000 fe:03 1836637                    /lib/x86_64-linux-gnu/libdl-2.24.so
7fc2a15f8000-7fc2a15f9000 rw-p 00003000 fe:03 1836637                    /lib/x86_64-linux-gnu/libdl-2.24.so
7fc2a15f9000-7fc2a1606000 r-xp 00000000 fe:03 3544163                    /usr/lib/jvm/java-8-openjdk-amd64/jre/lib/amd64/jli/libjli.so
7fc2a1606000-7fc2a1806000 ---p 0000d000 fe:03 3544163                    /usr/lib/jvm/java-8-openjdk-amd64/jre/lib/amd64/jli/libjli.so
7fc2a1806000-7fc2a1807000 r--p 0000d000 fe:03 3544163                    /usr/lib/jvm/java-8-openjdk-amd64/jre/lib/amd64/jli/libjli.so
7fc2a1807000-7fc2a1808000 rw-p 0000e000 fe:03 3544163                    /usr/lib/jvm/java-8-openjdk-amd64/jre/lib/amd64/jli/libjli.so
7fc2a1808000-7fc2a1821000 r-xp 00000000 fe:03 1835098                    /lib/x86_64-linux-gnu/libz.so.1.2.8
7fc2a1821000-7fc2a1a20000 ---p 00019000 fe:03 1835098                    /lib/x86_64-linux-gnu/libz.so.1.2.8
7fc2a1a20000-7fc2a1a21000 r--p 00018000 fe:03 1835098                    /lib/x86_64-linux-gnu/libz.so.1.2.8
7fc2a1a21000-7fc2a1a22000 rw-p 00019000 fe:03 1835098                    /lib/x86_64-linux-gnu/libz.so.1.2.8
7fc2a1a22000-7fc2a1a3a000 r-xp 00000000 fe:03 1836654                    /lib/x86_64-linux-gnu/libpthread-2.24.so
7fc2a1a3a000-7fc2a1c39000 ---p 00018000 fe:03 1836654                    /lib/x86_64-linux-gnu/libpthread-2.24.so
7fc2a1c39000-7fc2a1c3a000 r--p 00017000 fe:03 1836654                    /lib/x86_64-linux-gnu/libpthread-2.24.so
7fc2a1c3a000-7fc2a1c3b000 rw-p 00018000 fe:03 1836654                    /lib/x86_64-linux-gnu/libpthread-2.24.so
7fc2a1c3b000-7fc2a1c3f000 rw-p 00000000 00:00 0 
7fc2a1c3f000-7fc2a1c62000 r-xp 00000000 fe:03 1835093                    /lib/x86_64-linux-gnu/ld-2.24.so
7fc2a1c62000-7fc2a1c63000 r--s 00004000 fe:01 1579696                    /home/user/.m2/repository/org/neo4j/neo4j-resource/3.4.8/neo4j-resource-3.4.8.jar
7fc2a1c63000-7fc2a1c64000 r--s 00005000 fe:01 1579690                    /home/user/.m2/repository/org/neo4j/neo4j/3.4.8/neo4j-3.4.8.jar
7fc2a1c64000-7fc2a1c66000 r--s 0000e000 fe:01 1082656                    /home/user/.m2/repository/org/json/json/20180130/json-20180130.jar
7fc2a1c66000-7fc2a1c68000 r--s 00009000 fe:01 1313739                    /home/user/.m2/repository/org/hamcrest/hamcrest-core/1.3/hamcrest-core-1.3.jar
7fc2a1c68000-7fc2a1c6b000 r--s 0000f000 fe:03 3548482                    /usr/lib/jvm/java-8-openjdk-amd64/jre/lib/ext/icedtea-sound.jar
7fc2a1c6b000-7fc2a1c6c000 r--s 0000a000 fe:03 3548483                    /usr/lib/jvm/java-8-openjdk-amd64/jre/lib/ext/jaccess.jar
7fc2a1c6c000-7fc2a1c6f000 r--s 00038000 fe:03 3548488                    /usr/lib/jvm/java-8-openjdk-amd64/jre/lib/ext/sunpkcs11.jar
7fc2a1c6f000-7fc2a1c8a000 r--s 00394000 fe:03 3548480                    /usr/lib/jvm/java-8-openjdk-amd64/jre/lib/ext/cldrdata.jar
7fc2a1c8a000-7fc2a1c8c000 r--s 00001000 fe:03 3548481                    /usr/lib/jvm/java-8-openjdk-amd64/jre/lib/ext/dnsns.jar
7fc2a1c8c000-7fc2a1c8d000 r--s 00010000 fe:03 3548489                    /usr/lib/jvm/java-8-openjdk-amd64/jre/lib/ext/zipfs.jar
7fc2a1c8d000-7fc2a1c8f000 r--s 00007000 fe:03 3277795                    /usr/share/java/java-atk-wrapper.jar
7fc2a1c8f000-7fc2a1caa000 r--s 001d6000 fe:03 3548485                    /usr/lib/jvm/java-8-openjdk-amd64/jre/lib/ext/nashorn.jar
7fc2a1caa000-7fc2a1d05000 rw-p 00000000 00:00 0 
7fc2a1d05000-7fc2a1d40000 rw-p 00000000 00:00 0 
7fc2a1d40000-7fc2a1d43000 ---p 00000000 00:00 0 
7fc2a1d43000-7fc2a1e43000 rw-p 00000000 00:00 0 
7fc2a1e43000-7fc2a1e45000 r--s 00008000 fe:03 3548486                    /usr/lib/jvm/java-8-openjdk-amd64/jre/lib/ext/sunec.jar
7fc2a1e45000-7fc2a1e4f000 r--s 00116000 fe:03 3548484                    /usr/lib/jvm/java-8-openjdk-amd64/jre/lib/ext/localedata.jar
7fc2a1e4f000-7fc2a1e55000 r--s 0003b000 fe:03 3548487                    /usr/lib/jvm/java-8-openjdk-amd64/jre/lib/ext/sunjce_provider.jar
7fc2a1e55000-7fc2a1e5d000 rw-s 00000000 fe:03 4064008                    /tmp/hsperfdata_user/7388
7fc2a1e5d000-7fc2a1e5e000 rw-p 00000000 00:00 0 
7fc2a1e5e000-7fc2a1e5f000 ---p 00000000 00:00 0 
7fc2a1e5f000-7fc2a1e62000 rw-p 00000000 00:00 0 
7fc2a1e62000-7fc2a1e63000 r--p 00023000 fe:03 1835093                    /lib/x86_64-linux-gnu/ld-2.24.so
7fc2a1e63000-7fc2a1e64000 rw-p 00024000 fe:03 1835093                    /lib/x86_64-linux-gnu/ld-2.24.so
7fc2a1e64000-7fc2a1e65000 rw-p 00000000 00:00 0 
7fffdf31b000-7fffdf33e000 rw-p 00000000 00:00 0                          [stack]
7fffdf39d000-7fffdf39f000 r--p 00000000 00:00 0                          [vvar]
7fffdf39f000-7fffdf3a1000 r-xp 00000000 00:00 0                          [vdso]
ffffffffff600000-ffffffffff601000 r-xp 00000000 00:00 0                  [vsyscall]

VM Arguments:
jvm_args: -agentlib:jdwp=transport=dt_socket,suspend=y,address=localhost:39341 -ea -javaagent:/home/user/Téléchargements/softwares/eclipse/photon/eclipse/configuration/org.eclipse.osgi/232/0/.cp/lib/javaagent-shaded.jar -Dfile.encoding=UTF-8 
java_command: org.eclipse.jdt.internal.junit.runner.RemoteTestRunner -version 3 -port 39093 -testLoaderClass org.eclipse.jdt.internal.junit4.runner.JUnit4TestLoader -loaderpluginname org.eclipse.jdt.junit4.runtime -classNames les_revenants.jdm_visualizer.UpdateManagerTest
java_class_path (initial): /home/user/Documents/workspace/JDM-Visual/jdm_visualizer/target/classes:/home/user/Documents/workspace/JDM-Visual/jdm_visualizer/target/test-classes:/home/user/.m2/repository/junit/junit/4.12/junit-4.12.jar:/home/user/.m2/repository/org/hamcrest/hamcrest-core/1.3/hamcrest-core-1.3.jar:/home/user/.m2/repository/org/apache/commons/commons-collections4/4.2/commons-collections4-4.2.jar:/home/user/.m2/repository/org/apache/logging/log4j/log4j-api/2.11.1/log4j-api-2.11.1.jar:/home/user/.m2/repository/org/apache/logging/log4j/log4j-core/2.11.1/log4j-core-2.11.1.jar:/home/user/.m2/repository/org/json/json/20180130/json-20180130.jar:/home/user/.m2/repository/org/neo4j/neo4j/3.4.8/neo4j-3.4.8.jar:/home/user/.m2/repository/org/neo4j/neo4j-kernel/3.4.8/neo4j-kernel-3.4.8.jar:/home/user/.m2/repository/org/neo4j/neo4j-graphdb-api/3.4.8/neo4j-graphdb-api-3.4.8.jar:/home/user/.m2/repository/org/neo4j/neo4j-resource/3.4.8/neo4j-resource-3.4.8.jar:/home/user/.m2/repository/org/neo4j/neo4j-procedure-api/3.4.8/neo4j-procedure-api-3.4.8.jar:/home/user/.m2/repository/org/neo4j/neo4j-kernel-api/3.4.8/neo4j-kernel-api-3.4.8.jar:/home/user/.m2/repository/org/neo4j/neo4j-common/3.4.8/neo4j-common-3.4.8.jar:/home/user/.m2/repository/org/neo4j/neo4j-values/3.4.8/neo4j-values-3.4.8.jar:/home/user/.m2/repository/org/neo4j/neo4j-collections/3.4.8/neo4j-collections-3.4.8.jar:/home/user/.m2/repository/org/neo4j/neo4j-primitive-collections/3.4.8/neo4j-primitive-collections-3.4.8.jar:/home/user/.m2/repository/org/neo4j/neo4j-unsafe/3.4.8/neo4j-unsafe-3.4.8.jar:/home/user/.m2/repository/org/neo4j/neo4j-io/3.4.8/neo4j-io-3.4.8.jar:/home/user/.m2/repository/org/neo4j/neo4j-csv/3.4.8/neo4j-csv-3.4.8.jar:/home/user/.m2/repository/org/neo4j/neo4j-logging/3.4.8/neo4j-logging-3.4.8.jar:/home/user/.m2/repository/org/neo4j/neo4j-lucene-upgrade/3.4.8/neo4j-lucene-upgrade-3.4.8.jar:/home/user/.m2/repository/org/apache/lucene/lucene-backward-codecs/5.5.0/lucene-backward-codecs-5.5.0.j
Launcher Type: SUN_STANDARD

Environment Variables:
JAVA_HOME=/usr/lib/jvm/java-8-openjdk-amd64
PATH=/usr/lib/jvm/java-8-openjdk-amd64/bin:/usr/local/bin:/usr/bin:/bin:/usr/local/games:/usr/games
USERNAME=user
SHELL=/bin/bash
DISPLAY=:1

Signal Handlers:
SIGSEGV: [libjvm.so+0xa74b40], sa_mask[0]=11111111011111111101111111111110, sa_flags=SA_RESTART|SA_SIGINFO
SIGBUS: [libjvm.so+0xa74b40], sa_mask[0]=11111111011111111101111111111110, sa_flags=SA_RESTART|SA_SIGINFO
SIGFPE: [libjvm.so+0x8bd510], sa_mask[0]=11111111011111111101111111111110, sa_flags=SA_RESTART|SA_SIGINFO
SIGPIPE: [libjvm.so+0x8bd510], sa_mask[0]=11111111011111111101111111111110, sa_flags=SA_RESTART|SA_SIGINFO
SIGXFSZ: [libjvm.so+0x8bd510], sa_mask[0]=11111111011111111101111111111110, sa_flags=SA_RESTART|SA_SIGINFO
SIGILL: [libjvm.so+0x8bd510], sa_mask[0]=11111111011111111101111111111110, sa_flags=SA_RESTART|SA_SIGINFO
SIGUSR1: SIG_DFL, sa_mask[0]=00000000000000000000000000000000, sa_flags=none
SIGUSR2: [libjvm.so+0x8bd3c0], sa_mask[0]=00100000000000000000000000000000, sa_flags=SA_RESTART|SA_SIGINFO
SIGHUP: [libjvm.so+0x8bd870], sa_mask[0]=11111111011111111101111111111110, sa_flags=SA_RESTART|SA_SIGINFO
SIGINT: [libjvm.so+0x8bd870], sa_mask[0]=11111111011111111101111111111110, sa_flags=SA_RESTART|SA_SIGINFO
SIGTERM: [libjvm.so+0x8bd870], sa_mask[0]=11111111011111111101111111111110, sa_flags=SA_RESTART|SA_SIGINFO
SIGQUIT: [libjvm.so+0x8bd870], sa_mask[0]=11111111011111111101111111111110, sa_flags=SA_RESTART|SA_SIGINFO


---------------  S Y S T E M  ---------------

OS:PRETTY_NAME="Debian GNU/Linux 9 (stretch)"
NAME="Debian GNU/Linux"
VERSION_ID="9"
VERSION="9 (stretch)"
ID=debian
HOME_URL="https://www.debian.org/"
SUPPORT_URL="https://www.debian.org/support"
BUG_REPORT_URL="https://bugs.debian.org/"

uname:Linux 4.9.0-4-amd64 #1 SMP Debian 4.9.65-3+deb9u1 (2017-12-23) x86_64
libc:glibc 2.24 NPTL 2.24 
rlimit: STACK 8192k, CORE 0k, NPROC 47873, NOFILE 40000, AS infinity
load average:1,00 0,64 0,35

/proc/meminfo:
MemTotal:       12266920 kB
MemFree:         3482880 kB
MemAvailable:    5743764 kB
Buffers:          209848 kB
Cached:          2312420 kB
SwapCached:            0 kB
Active:          6868856 kB
Inactive:         870776 kB
Active(anon):    5221632 kB
Inactive(anon):   100252 kB
Active(file):    1647224 kB
Inactive(file):   770524 kB
Unevictable:          48 kB
Mlocked:              48 kB
SwapTotal:       7999484 kB
SwapFree:        7999484 kB
Dirty:              5772 kB
Writeback:             0 kB
AnonPages:       5217448 kB
Mapped:           562784 kB
Shmem:            104528 kB
Slab:             222204 kB
SReclaimable:     157428 kB
SUnreclaim:        64776 kB
KernelStack:       15200 kB
PageTables:        53500 kB
NFS_Unstable:          0 kB
Bounce:                0 kB
WritebackTmp:          0 kB
CommitLimit:    14132944 kB
Committed_AS:   11444396 kB
VmallocTotal:   34359738367 kB
VmallocUsed:           0 kB
VmallocChunk:          0 kB
HardwareCorrupted:     0 kB
AnonHugePages:         0 kB
ShmemHugePages:        0 kB
ShmemPmdMapped:        0 kB
HugePages_Total:       0
HugePages_Free:        0
HugePages_Rsvd:        0
HugePages_Surp:        0
Hugepagesize:       2048 kB
DirectMap4k:      859804 kB
DirectMap2M:    11681792 kB


CPU:total 4 (initial active 4) (4 cores per cpu, 1 threads per core) family 6 model 42 stepping 7, cmov, cx8, fxsr, mmx, sse, sse2, sse3, ssse3, sse4.1, sse4.2, popcnt, avx, aes, clmul, tsc, tscinvbit

/proc/cpuinfo:
processor	: 0
vendor_id	: GenuineIntel
cpu family	: 6
model		: 42
model name	: Intel(R) Core(TM) i5-2500K CPU @ 3.30GHz
stepping	: 7
microcode	: 0x2e
cpu MHz		: 3399.902
cache size	: 6144 KB
physical id	: 0
siblings	: 4
core id		: 0
cpu cores	: 4
apicid		: 0
initial apicid	: 0
fpu		: yes
fpu_exception	: yes
cpuid level	: 13
wp		: yes
flags		: fpu vme de pse tsc msr pae mce cx8 apic sep mtrr pge mca cmov pat pse36 clflush dts acpi mmx fxsr sse sse2 ss ht tm pbe syscall nx rdtscp lm constant_tsc arch_perfmon pebs bts rep_good nopl xtopology nonstop_tsc aperfmperf eagerfpu pni pclmulqdq dtes64 monitor ds_cpl vmx est tm2 ssse3 cx16 xtpr pdcm pcid sse4_1 sse4_2 popcnt tsc_deadline_timer aes xsave avx lahf_lm epb tpr_shadow vnmi flexpriority ept vpid xsaveopt dtherm ida arat pln pts
bugs		:
bogomips	: 6584.45
clflush size	: 64
cache_alignment	: 64
address sizes	: 36 bits physical, 48 bits virtual
power management:

processor	: 1
vendor_id	: GenuineIntel
cpu family	: 6
model		: 42
model name	: Intel(R) Core(TM) i5-2500K CPU @ 3.30GHz
stepping	: 7
microcode	: 0x2e
cpu MHz		: 3399.902
cache size	: 6144 KB
physical id	: 0
siblings	: 4
core id		: 1
cpu cores	: 4
apicid		: 2
initial apicid	: 2
fpu		: yes
fpu_exception	: yes
cpuid level	: 13
wp		: yes
flags		: fpu vme de pse tsc msr pae mce cx8 apic sep mtrr pge mca cmov pat pse36 clflush dts acpi mmx fxsr sse sse2 ss ht tm pbe syscall nx rdtscp lm constant_tsc arch_perfmon pebs bts rep_good nopl xtopology nonstop_tsc aperfmperf eagerfpu pni pclmulqdq dtes64 monitor ds_cpl vmx est tm2 ssse3 cx16 xtpr pdcm pcid sse4_1 sse4_2 popcnt tsc_deadline_timer aes xsave avx lahf_lm epb tpr_shadow vnmi flexpriority ept vpid xsaveopt dtherm ida arat pln pts
bugs		:
bogomips	: 6584.45
clflush size	: 64
cache_alignment	: 64
address sizes	: 36 bits physical, 48 bits virtual
power management:

processor	: 2
vendor_id	: GenuineIntel
cpu family	: 6
model		: 42
model name	: Intel(R) Core(TM) i5-2500K CPU @ 3.30GHz
stepping	: 7
microcode	: 0x2e
cpu MHz		: 3399.902
cache size	: 6144 KB
physical id	: 0
siblings	: 4
core id		: 2
cpu cores	: 4
apicid		: 4
initial apicid	: 4
fpu		: yes
fpu_exception	: yes
cpuid level	: 13
wp		: yes
flags		: fpu vme de pse tsc msr pae mce cx8 apic sep mtrr pge mca cmov pat pse36 clflush dts acpi mmx fxsr sse sse2 ss ht tm pbe syscall nx rdtscp lm constant_tsc arch_perfmon pebs bts rep_good nopl xtopology nonstop_tsc aperfmperf eagerfpu pni pclmulqdq dtes64 monitor ds_cpl vmx est tm2 ssse3 cx16 xtpr pdcm pcid sse4_1 sse4_2 popcnt tsc_deadline_timer aes xsave avx lahf_lm epb tpr_shadow vnmi flexpriority ept vpid xsaveopt dtherm ida arat pln pts
bugs		:
bogomips	: 6584.45
clflush size	: 64
cache_alignment	: 64
address sizes	: 36 bits physical, 48 bits virtual
power management:

processor	: 3
vendor_id	: GenuineIntel
cpu family	: 6
model		: 42
model name	: Intel(R) Core(TM) i5-2500K CPU @ 3.30GHz
stepping	: 7
microcode	: 0x2e
cpu MHz		: 3426.489
cache size	: 6144 KB
physical id	: 0
siblings	: 4
core id		: 3
cpu cores	: 4
apicid		: 6
initial apicid	: 6
fpu		: yes
fpu_exception	: yes
cpuid level	: 13
wp		: yes
flags		: fpu vme de pse tsc msr pae mce cx8 apic sep mtrr pge mca cmov pat pse36 clflush dts acpi mmx fxsr sse sse2 ss ht tm pbe syscall nx rdtscp lm constant_tsc arch_perfmon pebs bts rep_good nopl xtopology nonstop_tsc aperfmperf eagerfpu pni pclmulqdq dtes64 monitor ds_cpl vmx est tm2 ssse3 cx16 xtpr pdcm pcid sse4_1 sse4_2 popcnt tsc_deadline_timer aes xsave avx lahf_lm epb tpr_shadow vnmi flexpriority ept vpid xsaveopt dtherm ida arat pln pts
bugs		:
bogomips	: 6584.45
clflush size	: 64
cache_alignment	: 64
address sizes	: 36 bits physical, 48 bits virtual
power management:



Memory: 4k page, physical 12266920k(3480648k free), swap 7999484k(7999484k free)

vm_info: OpenJDK 64-Bit Server VM (25.181-b13) for linux-amd64 JRE (1.8.0_181-8u181-b13-2~deb9u1-b13), built on Oct 22 2018 18:05:23 by "pbuilder" with gcc 6.3.0 20170516

time: Sun Nov  4 22:43:09 2018
elapsed time: 28 seconds (0d 0h 0m 28s)

